Using pre-set license
Built from '2020.3/staging' branch; Version is '2020.3.10f1 (297d780c91bc) revision 2719096'; Using compiler version '192528614'; Build Type 'Release'
OS: 'Windows 10 Home; OS build 19041.867; Version 2004; 64bit' Language: 'pl' Physical Memory: 8109 MB
BatchMode: 1, IsHumanControllingUs: 0, StartBugReporterOnCrash: 0, Is64bit: 1, IsPro: 0

 COMMAND LINE ARGUMENTS:
C:\Program Files\Unity\Hub\Editor\2020.3.10f1\Editor\Unity.exe
-adb2
-batchMode
-noUpm
-name
AssetImportWorker0
-projectPath
C:/Users/abc/Documents/GitHub/RollaBall/RollaBall
-logFile
Logs/AssetImportWorker0.log
-srvPort
3077
Successfully changed project path to: C:/Users/abc/Documents/GitHub/RollaBall/RollaBall
C:/Users/abc/Documents/GitHub/RollaBall/RollaBall
Using Asset Import Pipeline V2.
Refreshing native plugins compatible for Editor in 138.93 ms, found 2 plugins.
Preloading 0 native plugins for Editor in 0.00 ms.
Initialize engine version: 2020.3.10f1 (297d780c91bc)
[Subsystems] Discovering subsystems at path C:/Program Files/Unity/Hub/Editor/2020.3.10f1/Editor/Data/Resources/UnitySubsystems
[Subsystems] Discovering subsystems at path C:/Users/abc/Documents/GitHub/RollaBall/RollaBall/Assets
GfxDevice: creating device client; threaded=0
Direct3D:
    Version:  Direct3D 11.0 [level 11.1]
    Renderer: AMD Radeon R7 200 Series (ID=0x6610)
    Vendor:   
    VRAM:     1004 MB
    Driver:   27.20.1034.6
Shader 'Universal Render Pipeline/Particles/Lit': fallback shader 'Universal Render Pipeline/Particles/SimpleLit' not found
Initialize mono
Mono path[0] = 'C:/Program Files/Unity/Hub/Editor/2020.3.10f1/Editor/Data/Managed'
Mono path[1] = 'C:/Program Files/Unity/Hub/Editor/2020.3.10f1/Editor/Data/MonoBleedingEdge/lib/mono/unityjit'
Mono config path = 'C:/Program Files/Unity/Hub/Editor/2020.3.10f1/Editor/Data/MonoBleedingEdge/etc'
Using monoOptions --debugger-agent=transport=dt_socket,embedding=1,server=y,suspend=n,address=127.0.0.1:56240
Begin MonoManager ReloadAssembly
Registering precompiled unity dll's ...
Register platform support module: C:/Program Files/Unity/Hub/Editor/2020.3.10f1/Editor/Data/PlaybackEngines/WindowsStandaloneSupport/UnityEditor.WindowsStandalone.Extensions.dll
Registered in 0.005186 seconds.
Native extension for WindowsStandalone target not found
Refreshing native plugins compatible for Editor in 117.76 ms, found 2 plugins.
Preloading 0 native plugins for Editor in 0.00 ms.
Mono: successfully reloaded assembly
- Completed reload, in  2.588 seconds
Platform modules already initialized, skipping
Registering precompiled user dll's ...
Registered in 0.014283 seconds.
Begin MonoManager ReloadAssembly
Native extension for WindowsStandalone target not found
Refreshing native plugins compatible for Editor in 134.56 ms, found 2 plugins.
Preloading 0 native plugins for Editor in 0.00 ms.
Mono: successfully reloaded assembly
- Completed reload, in  2.825 seconds
Platform modules already initialized, skipping
========================================================================
Worker process is ready to serve import requests
Shader 'Universal Render Pipeline/Particles/Lit': fallback shader 'Universal Render Pipeline/Particles/SimpleLit' not found
Launched and connected shader compiler UnityShaderCompiler.exe after 0.22 seconds
Refreshing native plugins compatible for Editor in 0.80 ms, found 2 plugins.
Preloading 0 native plugins for Editor in 0.00 ms.
Unloading 2987 Unused Serialized files (Serialized files now loaded: 0)
System memory in use before: 133.0 MB.
System memory in use after: 133.2 MB.

Unloading 21 unused Assets to reduce memory usage. Loaded Objects now: 3421.
Total: 4.568800 ms (FindLiveObjects: 0.333400 ms CreateObjectMapping: 0.168000 ms MarkObjects: 3.961900 ms  DeleteObjects: 0.102500 ms)

========================================================================
Received Import Request.
  path: Assets/Materials
  artifactKey: Guid(5f27be149968a704885e8566b151537b) Importer(815301076,1909f56bfc062723c751e8b465ee728b)
Start importing Assets/Materials using Guid(5f27be149968a704885e8566b151537b) Importer(815301076,1909f56bfc062723c751e8b465ee728b)  -> (artifact id: '20e93457e7f98b7dfbfcb1f666dc8496') in 0.016849 seconds
  Import took 0.031712 seconds .

========================================================================
Received Import Request.
  Time since last request: 0.000401 seconds.
  path: Assets/Materials/Player.mat
  artifactKey: Guid(e1099c04e7c765c4cac4fbcda478a017) Importer(815301076,1909f56bfc062723c751e8b465ee728b)
Start importing Assets/Materials/Player.mat using Guid(e1099c04e7c765c4cac4fbcda478a017) Importer(815301076,1909f56bfc062723c751e8b465ee728b)  -> (artifact id: '22f808270190c183fcdc61b2b6025221') in 2.660047 seconds
  Import took 2.667122 seconds .

========================================================================
Received Import Request.
  Time since last request: 0.000417 seconds.
  path: Assets/Materials/Background.mat
  artifactKey: Guid(4903f2fc1b427ba4fbe915dbe45e5b3e) Importer(815301076,1909f56bfc062723c751e8b465ee728b)
Start importing Assets/Materials/Background.mat using Guid(4903f2fc1b427ba4fbe915dbe45e5b3e) Importer(815301076,1909f56bfc062723c751e8b465ee728b)  -> (artifact id: '0ae5a830e1e23c3a799a45b1041c166e') in 0.033053 seconds
  Import took 0.047595 seconds .

========================================================================
Received Import Request.
  Time since last request: 0.007338 seconds.
  path: Assets/Materials/Background.mat
  artifactKey: Guid(4903f2fc1b427ba4fbe915dbe45e5b3e) Importer(815301076,1909f56bfc062723c751e8b465ee728b)
Start importing Assets/Materials/Background.mat using Guid(4903f2fc1b427ba4fbe915dbe45e5b3e) Importer(815301076,1909f56bfc062723c751e8b465ee728b)  -> (artifact id: '0ae5a830e1e23c3a799a45b1041c166e') in 0.030716 seconds
  Import took 0.042065 seconds .

========================================================================
Received Import Request.
  Time since last request: 1.587098 seconds.
  path: Assets/Materials/Walls.mat
  artifactKey: Guid(1d1ac11e4c0ca314081cbfeb0e7f79e6) Importer(815301076,1909f56bfc062723c751e8b465ee728b)
Start importing Assets/Materials/Walls.mat using Guid(1d1ac11e4c0ca314081cbfeb0e7f79e6) Importer(815301076,1909f56bfc062723c751e8b465ee728b)  -> (artifact id: 'a6a3bb494b7b7dfe5375bf56fa15e60d') in 0.034009 seconds
  Import took 0.044720 seconds .

========================================================================
Received Prepare
Registering precompiled user dll's ...
Registered in 0.014306 seconds.
Begin MonoManager ReloadAssembly
Native extension for WindowsStandalone target not found
Refreshing native plugins compatible for Editor in 0.71 ms, found 2 plugins.
Preloading 0 native plugins for Editor in 0.00 ms.
Mono: successfully reloaded assembly
- Completed reload, in  2.417 seconds
Platform modules already initialized, skipping
Shader 'Universal Render Pipeline/Particles/Lit': fallback shader 'Universal Render Pipeline/Particles/SimpleLit' not found
Refreshing native plugins compatible for Editor in 0.71 ms, found 2 plugins.
Preloading 0 native plugins for Editor in 0.00 ms.
Unloading 2877 Unused Serialized files (Serialized files now loaded: 0)
System memory in use before: 131.4 MB.
System memory in use after: 131.6 MB.

Unloading 14 unused Assets to reduce memory usage. Loaded Objects now: 3502.
Total: 3.075000 ms (FindLiveObjects: 0.278600 ms CreateObjectMapping: 0.128800 ms MarkObjects: 2.640200 ms  DeleteObjects: 0.025700 ms)

========================================================================
Received Import Request.
  Time since last request: 363.892483 seconds.
  path: Assets/Materials/Walls.mat
  artifactKey: Guid(1d1ac11e4c0ca314081cbfeb0e7f79e6) Importer(815301076,1909f56bfc062723c751e8b465ee728b)
Start importing Assets/Materials/Walls.mat using Guid(1d1ac11e4c0ca314081cbfeb0e7f79e6) Importer(815301076,1909f56bfc062723c751e8b465ee728b)  -> (artifact id: '3bdfc97b2c626943d932576dfcb7809c') in 0.371052 seconds
  Import took 0.389721 seconds .

========================================================================
Received Import Request.
  Time since last request: 44.604475 seconds.
  path: Assets/Materials/PickUp.mat
  artifactKey: Guid(742969e3febd65f44ad5eeaa3891c61d) Importer(815301076,1909f56bfc062723c751e8b465ee728b)
Start importing Assets/Materials/PickUp.mat using Guid(742969e3febd65f44ad5eeaa3891c61d) Importer(815301076,1909f56bfc062723c751e8b465ee728b)  -> (artifact id: '8619717462a43bbede13586de0be2a60') in 0.024941 seconds
  Import took 0.033200 seconds .

========================================================================
Received Import Request.
  Time since last request: 70.308296 seconds.
  path: Assets/Materials/PickUp.mat
  artifactKey: Guid(742969e3febd65f44ad5eeaa3891c61d) Importer(815301076,1909f56bfc062723c751e8b465ee728b)
Start importing Assets/Materials/PickUp.mat using Guid(742969e3febd65f44ad5eeaa3891c61d) Importer(815301076,1909f56bfc062723c751e8b465ee728b)  -> (artifact id: 'de9b84a75a08f3cb1256e6099e3942be') in 0.028418 seconds
  Import took 0.035289 seconds .

========================================================================
Received Prepare
Registering precompiled user dll's ...
Registered in 0.016942 seconds.
Begin MonoManager ReloadAssembly
Native extension for WindowsStandalone target not found
Refreshing native plugins compatible for Editor in 0.72 ms, found 2 plugins.
Preloading 0 native plugins for Editor in 0.00 ms.
Mono: successfully reloaded assembly
- Completed reload, in  2.474 seconds
Platform modules already initialized, skipping
Shader 'Universal Render Pipeline/Particles/Lit': fallback shader 'Universal Render Pipeline/Particles/SimpleLit' not found
Refreshing native plugins compatible for Editor in 0.85 ms, found 2 plugins.
Preloading 0 native plugins for Editor in 0.00 ms.
Unloading 2878 Unused Serialized files (Serialized files now loaded: 0)
System memory in use before: 131.6 MB.
System memory in use after: 131.8 MB.

Unloading 14 unused Assets to reduce memory usage. Loaded Objects now: 3542.
Total: 3.421400 ms (FindLiveObjects: 0.294700 ms CreateObjectMapping: 0.129000 ms MarkObjects: 2.962900 ms  DeleteObjects: 0.033200 ms)

========================================================================
Received Prepare
Registering precompiled user dll's ...
Registered in 0.010377 seconds.
Begin MonoManager ReloadAssembly
Native extension for WindowsStandalone target not found
Refreshing native plugins compatible for Editor in 0.74 ms, found 2 plugins.
Preloading 0 native plugins for Editor in 0.00 ms.
Mono: successfully reloaded assembly
- Completed reload, in  1.812 seconds
Platform modules already initialized, skipping
Shader 'Universal Render Pipeline/Particles/Lit': fallback shader 'Universal Render Pipeline/Particles/SimpleLit' not found
Refreshing native plugins compatible for Editor in 1.02 ms, found 2 plugins.
Preloading 0 native plugins for Editor in 0.00 ms.
Unloading 2878 Unused Serialized files (Serialized files now loaded: 0)
System memory in use before: 131.6 MB.
System memory in use after: 131.9 MB.

Unloading 14 unused Assets to reduce memory usage. Loaded Objects now: 3545.
Total: 3.162100 ms (FindLiveObjects: 0.284300 ms CreateObjectMapping: 0.139500 ms MarkObjects: 2.708700 ms  DeleteObjects: 0.027800 ms)

========================================================================
Received Import Request.
  Time since last request: 63.483615 seconds.
  path: Assets/Scripts
  artifactKey: Guid(661240743b1d17f49a2e516dadc81734) Importer(815301076,1909f56bfc062723c751e8b465ee728b)
Start importing Assets/Scripts using Guid(661240743b1d17f49a2e516dadc81734) Importer(815301076,1909f56bfc062723c751e8b465ee728b)  -> (artifact id: '43e9124db76affd7988685986590e444') in 0.031352 seconds
  Import took 0.038785 seconds .

========================================================================
Received Prepare
Registering precompiled user dll's ...
Registered in 0.017976 seconds.
Begin MonoManager ReloadAssembly
Native extension for WindowsStandalone target not found
Refreshing native plugins compatible for Editor in 0.82 ms, found 2 plugins.
Preloading 0 native plugins for Editor in 0.00 ms.
Mono: successfully reloaded assembly
- Completed reload, in  2.270 seconds
Platform modules already initialized, skipping
Shader 'Universal Render Pipeline/Particles/Lit': fallback shader 'Universal Render Pipeline/Particles/SimpleLit' not found
Refreshing native plugins compatible for Editor in 0.71 ms, found 2 plugins.
Preloading 0 native plugins for Editor in 0.00 ms.
Unloading 2878 Unused Serialized files (Serialized files now loaded: 0)
System memory in use before: 131.6 MB.
System memory in use after: 131.9 MB.

Unloading 14 unused Assets to reduce memory usage. Loaded Objects now: 3548.
Total: 3.671200 ms (FindLiveObjects: 0.296900 ms CreateObjectMapping: 0.129400 ms MarkObjects: 3.212500 ms  DeleteObjects: 0.030600 ms)

========================================================================
Received Import Request.
  Time since last request: 218.407320 seconds.
  path: Assets/Scripts/Rotator.cs
  artifactKey: Guid(4cd5f51c2e0f82040ba1027948835279) Importer(815301076,1909f56bfc062723c751e8b465ee728b)
Start importing Assets/Scripts/Rotator.cs using Guid(4cd5f51c2e0f82040ba1027948835279) Importer(815301076,1909f56bfc062723c751e8b465ee728b)  -> (artifact id: '94548f1be9e45625cb4afd9a81c18b06') in 0.034537 seconds
  Import took 0.043804 seconds .

========================================================================
Received Prepare
Registering precompiled user dll's ...
Registered in 0.018372 seconds.
Begin MonoManager ReloadAssembly
Native extension for WindowsStandalone target not found
Refreshing native plugins compatible for Editor in 3.11 ms, found 2 plugins.
Preloading 0 native plugins for Editor in 0.00 ms.
Mono: successfully reloaded assembly
- Completed reload, in  2.277 seconds
Platform modules already initialized, skipping
Shader 'Universal Render Pipeline/Particles/Lit': fallback shader 'Universal Render Pipeline/Particles/SimpleLit' not found
Refreshing native plugins compatible for Editor in 0.74 ms, found 2 plugins.
Preloading 0 native plugins for Editor in 0.00 ms.
Unloading 2878 Unused Serialized files (Serialized files now loaded: 0)
System memory in use before: 131.7 MB.
System memory in use after: 131.9 MB.

Unloading 14 unused Assets to reduce memory usage. Loaded Objects now: 3551.
Total: 3.180500 ms (FindLiveObjects: 0.284900 ms CreateObjectMapping: 0.126100 ms MarkObjects: 2.742600 ms  DeleteObjects: 0.025300 ms)

========================================================================
Received Import Request.
  Time since last request: 119.742473 seconds.
  path: Assets
  artifactKey: Guid(00000000000000001000000000000000) Importer(815301076,1909f56bfc062723c751e8b465ee728b)
Start importing Assets using Guid(00000000000000001000000000000000) Importer(815301076,1909f56bfc062723c751e8b465ee728b)  -> (artifact id: '42d402b061de3733987d63b9cc3b64de') in 0.015442 seconds
  Import took 0.021841 seconds .

========================================================================
Received Import Request.
  Time since last request: 11.799996 seconds.
  path: Assets/Prefabs
  artifactKey: Guid(a3a40846ded4ae840a65b11fab8c9916) Importer(815301076,1909f56bfc062723c751e8b465ee728b)
Start importing Assets/Prefabs using Guid(a3a40846ded4ae840a65b11fab8c9916) Importer(815301076,1909f56bfc062723c751e8b465ee728b)  -> (artifact id: 'b9b1bad5ec044456fac5d09bd7b9c599') in 0.015112 seconds
  Import took 0.022041 seconds .

========================================================================
Received Import Request.
  Time since last request: 4.366274 seconds.
  path: Assets/Prefabs/PickUp.prefab
  artifactKey: Guid(c85561bbb895b244ba7e4b9ba98ad982) Importer(815301076,1909f56bfc062723c751e8b465ee728b)
Start importing Assets/Prefabs/PickUp.prefab using Guid(c85561bbb895b244ba7e4b9ba98ad982) Importer(815301076,1909f56bfc062723c751e8b465ee728b)  -> (artifact id: '877ca43f648a19f1fcd1735572b65739') in 0.371087 seconds
  Import took 0.382502 seconds .

========================================================================
Received Import Request.
  Time since last request: 1410.963596 seconds.
  path: Assets/Scripts/PlayerController.cs
  artifactKey: Guid(fedb6a0bfabccd54dab714e7b325ee12) Importer(815301076,1909f56bfc062723c751e8b465ee728b)
Start importing Assets/Scripts/PlayerController.cs using Guid(fedb6a0bfabccd54dab714e7b325ee12) Importer(815301076,1909f56bfc062723c751e8b465ee728b)  -> (artifact id: 'a0e854e668fa4a2bc22d9f02b6956144') in 0.006846 seconds
  Import took 0.018070 seconds .

AssetImportWorkerClient::OnTransportError - code=2 error=End of file
